<?xml version="1.0" encoding="UTF-8"?>
<!-- Generated by org.testng.reporters.JUnitReportReporter -->
<testsuite hostname="DESKTOP-KBNCSQI" failures="0" tests="1" name="Runner.testRunner" time="35.557" errors="0" timestamp="2023-12-10T21:32:10 IST" skipped="0">
  <testcase classname="Runner.testRunner" name="runScenario" time="35.557"/>
  <system-out/>
</testsuite> <!-- Runner.testRunner -->
